19:22:01,416 INFO  [org.alfresco.config.JBossEnabledWebApplicationContext] Refreshing org.alfresco.config.JBossEnabledWebApplicationContext@8543aa: display name [Root WebApplicationContext]; startup date [Tue Apr 06 19:22:01 CEST 2010]; root of context hierarchy
19:22:04,049 INFO  [org.alfresco.config.JBossEnabledWebApplicationContext] Bean factory for application context [org.alfresco.config.JBossEnabledWebApplicationContext@8543aa]: org.springframework.beans.factory.support.DefaultListableBeanFactory@1e329eb
19:22:05,869 INFO  [org.alfresco.config.JndiPropertiesFactoryBean] Loading properties file from class path resource [alfresco/repository.properties]
19:22:05,891 INFO  [org.alfresco.config.JndiPropertiesFactoryBean] Loading properties file from class path resource [alfresco/domain/transaction.properties]
19:22:05,891 INFO  [org.alfresco.config.JndiPropertiesFactoryBean] Loading properties file from class path resource [alfresco/extension/application.properties]
19:22:06,034 INFO  [org.alfresco.config.JndiPropertyPlaceholderConfigurer] Loading properties file from class path resource [alfresco/alfresco-shared.properties]
19:22:06,512 INFO  [org.alfresco.config.JBossEnabledWebApplicationContext] Bean 'org.apache.cxf.bus.spring.Jsr250BeanPostProcessor' is not eligible for getting processed by all BeanPostProcessors (for example: not eligible for auto-proxying)
19:22:06,517 INFO  [org.alfresco.config.JBossEnabledWebApplicationContext] Bean 'org.apache.cxf.bus.spring.BusExtensionPostProcessor' is not eligible for getting processed by all BeanPostProcessors (for example: not eligible for auto-proxying)
19:22:06,568 INFO  [org.alfresco.config.JBossEnabledWebApplicationContext] Bean 'dmServicesProxyCreator' is not eligible for getting processed by all BeanPostProcessors (for example: not eligible for auto-proxying)
19:22:08,152 ERROR [org.springframework.web.context.ContextLoader] Context initialization failed
org.springframework.beans.factory.BeanCreationException: Error creating bean with name 'indexerComponent' defined in class path resource [alfresco/core-services-context.xml]: Cannot resolve reference to bean '&indexerAndSearcherFactory' while setting bean property 'storeRedirectorProxyFactory'; nested exception is org.springframework.beans.factory.BeanCreationException: Error creating bean with name 'indexerAndSearcherFactory' defined in class path resource [alfresco/core-services-context.xml]: Cannot resolve reference to bean 'admLuceneIndexerAndSearcherFactory' while setting bean property 'defaultBinding'; nested exception is org.springframework.beans.factory.BeanCreationException: Error creating bean with name 'admLuceneIndexerAndSearcherFactory' defined in class path resource [alfresco/core-services-context.xml]: Cannot resolve reference to bean 'mlAwareNodeService' while setting bean property 'nodeService'; nested exception is org.springframework.beans.factory.BeanCreationException: Error creating bean with name 'mlAwareNodeService' defined in class path resource [alfresco/node-services-context.xml]: Cannot resolve reference to bean 'mtAwareNodeService' while setting bean property 'defaultBinding'; nested exception is org.springframework.beans.factory.BeanCreationException: Error creating bean with name 'mtAwareNodeService': FactoryBean threw exception on object creation; nested exception is org.springframework.beans.factory.BeanCreationException: Error creating bean with name 'dbNodeService' defined in class path resource [alfresco/node-services-context.xml]: Cannot resolve reference to bean 'dbNodeServiceImpl' while setting bean property 'target'; nested exception is org.springframework.beans.factory.BeanCreationException: Error creating bean with name 'dbNodeServiceImpl' defined in class path resource [alfresco/node-services-context.xml]: Cannot resolve reference to bean 'transactionService' while setting bean property 'transactionService'; nested exception is org.springframework.beans.factory.BeanCreationException: Error creating bean with name 'transactionService' defined in class path resource [alfresco/core-services-context.xml]: Instantiation of bean failed; nested exception is java.lang.ExceptionInInitializerError
Caused by: org.springframework.beans.factory.BeanCreationException: Error creating bean with name 'indexerAndSearcherFactory' defined in class path resource [alfresco/core-services-context.xml]: Cannot resolve reference to bean 'admLuceneIndexerAndSearcherFactory' while setting bean property 'defaultBinding'; nested exception is org.springframework.beans.factory.BeanCreationException: Error creating bean with name 'admLuceneIndexerAndSearcherFactory' defined in class path resource [alfresco/core-services-context.xml]: Cannot resolve reference to bean 'mlAwareNodeService' while setting bean property 'nodeService'; nested exception is org.springframework.beans.factory.BeanCreationException: Error creating bean with name 'mlAwareNodeService' defined in class path resource [alfresco/node-services-context.xml]: Cannot resolve reference to bean 'mtAwareNodeService' while setting bean property 'defaultBinding'; nested exception is org.springframework.beans.factory.BeanCreationException: Error creating bean with name 'mtAwareNodeService': FactoryBean threw exception on object creation; nested exception is org.springframework.beans.factory.BeanCreationException: Error creating bean with name 'dbNodeService' defined in class path resource [alfresco/node-services-context.xml]: Cannot resolve reference to bean 'dbNodeServiceImpl' while setting bean property 'target'; nested exception is org.springframework.beans.factory.BeanCreationException: Error creating bean with name 'dbNodeServiceImpl' defined in class path resource [alfresco/node-services-context.xml]: Cannot resolve reference to bean 'transactionService' while setting bean property 'transactionService'; nested exception is org.springframework.beans.factory.BeanCreationException: Error creating bean with name 'transactionService' defined in class path resource [alfresco/core-services-context.xml]: Instantiation of bean failed; nested exception is java.lang.ExceptionInInitializerError
Caused by: org.springframework.beans.factory.BeanCreationException: Error creating bean with name 'admLuceneIndexerAndSearcherFactory' defined in class path resource [alfresco/core-services-context.xml]: Cannot resolve reference to bean 'mlAwareNodeService' while setting bean property 'nodeService'; nested exception is org.springframework.beans.factory.BeanCreationException: Error creating bean with name 'mlAwareNodeService' defined in class path resource [alfresco/node-services-context.xml]: Cannot resolve reference to bean 'mtAwareNodeService' while setting bean property 'defaultBinding'; nested exception is org.springframework.beans.factory.BeanCreationException: Error creating bean with name 'mtAwareNodeService': FactoryBean threw exception on object creation; nested exception is org.springframework.beans.factory.BeanCreationException: Error creating bean with name 'dbNodeService' defined in class path resource [alfresco/node-services-context.xml]: Cannot resolve reference to bean 'dbNodeServiceImpl' while setting bean property 'target'; nested exception is org.springframework.beans.factory.BeanCreationException: Error creating bean with name 'dbNodeServiceImpl' defined in class path resource [alfresco/node-services-context.xml]: Cannot resolve reference to bean 'transactionService' while setting bean property 'transactionService'; nested exception is org.springframework.beans.factory.BeanCreationException: Error creating bean with name 'transactionService' defined in class path resource [alfresco/core-services-context.xml]: Instantiation of bean failed; nested exception is java.lang.ExceptionInInitializerError
Caused by: org.springframework.beans.factory.BeanCreationException: Error creating bean with name 'mlAwareNodeService' defined in class path resource [alfresco/node-services-context.xml]: Cannot resolve reference to bean 'mtAwareNodeService' while setting bean property 'defaultBinding'; nested exception is org.springframework.beans.factory.BeanCreationException: Error creating bean with name 'mtAwareNodeService': FactoryBean threw exception on object creation; nested exception is org.springframework.beans.factory.BeanCreationException: Error creating bean with name 'dbNodeService' defined in class path resource [alfresco/node-services-context.xml]: Cannot resolve reference to bean 'dbNodeServiceImpl' while setting bean property 'target'; nested exception is org.springframework.beans.factory.BeanCreationException: Error creating bean with name 'dbNodeServiceImpl' defined in class path resource [alfresco/node-services-context.xml]: Cannot resolve reference to bean 'transactionService' while setting bean property 'transactionService'; nested exception is org.springframework.beans.factory.BeanCreationException: Error creating bean with name 'transactionService' defined in class path resource [alfresco/core-services-context.xml]: Instantiation of bean failed; nested exception is java.lang.ExceptionInInitializerError
Caused by: org.springframework.beans.factory.BeanCreationException: Error creating bean with name 'mtAwareNodeService': FactoryBean threw exception on object creation; nested exception is org.springframework.beans.factory.BeanCreationException: Error creating bean with name 'dbNodeService' defined in class path resource [alfresco/node-services-context.xml]: Cannot resolve reference to bean 'dbNodeServiceImpl' while setting bean property 'target'; nested exception is org.springframework.beans.factory.BeanCreationException: Error creating bean with name 'dbNodeServiceImpl' defined in class path resource [alfresco/node-services-context.xml]: Cannot resolve reference to bean 'transactionService' while setting bean property 'transactionService'; nested exception is org.springframework.beans.factory.BeanCreationException: Error creating bean with name 'transactionService' defined in class path resource [alfresco/core-services-context.xml]: Instantiation of bean failed; nested exception is java.lang.ExceptionInInitializerError
Caused by: org.springframework.beans.factory.BeanCreationException: Error creating bean with name 'dbNodeService' defined in class path resource [alfresco/node-services-context.xml]: Cannot resolve reference to bean 'dbNodeServiceImpl' while setting bean property 'target'; nested exception is org.springframework.beans.factory.BeanCreationException: Error creating bean with name 'dbNodeServiceImpl' defined in class path resource [alfresco/node-services-context.xml]: Cannot resolve reference to bean 'transactionService' while setting bean property 'transactionService'; nested exception is org.springframework.beans.factory.BeanCreationException: Error creating bean with name 'transactionService' defined in class path resource [alfresco/core-services-context.xml]: Instantiation of bean failed; nested exception is java.lang.ExceptionInInitializerError
Caused by: org.springframework.beans.factory.BeanCreationException: Error creating bean with name 'dbNodeServiceImpl' defined in class path resource [alfresco/node-services-context.xml]: Cannot resolve reference to bean 'transactionService' while setting bean property 'transactionService'; nested exception is org.springframework.beans.factory.BeanCreationException: Error creating bean with name 'transactionService' defined in class path resource [alfresco/core-services-context.xml]: Instantiation of bean failed; nested exception is java.lang.ExceptionInInitializerError
Caused by: org.springframework.beans.factory.BeanCreationException: Error creating bean with name 'transactionService' defined in class path resource [alfresco/core-services-context.xml]: Instantiation of bean failed; nested exception is java.lang.ExceptionInInitializerError
Caused by: java.lang.ExceptionInInitializerError
	at sun.reflect.NativeConstructorAccessorImpl.newInstance0(Native Method)
	at sun.reflect.NativeConstructorAccessorImpl.newInstance(NativeConstructorAccessorImpl.java:39)
	at sun.reflect.DelegatingConstructorAccessorImpl.newInstance(DelegatingConstructorAccessorImpl.java:27)
	at java.lang.reflect.Constructor.newInstance(Constructor.java:513)
	at org.springframework.beans.BeanUtils.instantiateClass(BeanUtils.java:85)
	at org.springframework.beans.factory.support.SimpleInstantiationStrategy.instantiate(SimpleInstantiationStrategy.java:61)
	at org.springframework.beans.factory.support.AbstractAutowireCapableBeanFactory.instantiateBean(AbstractAutowireCapableBeanFactory.java:757)
	at org.springframework.beans.factory.support.AbstractAutowireCapableBeanFactory.createBeanInstance(AbstractAutowireCapableBeanFactory.java:722)
	at org.springframework.beans.factory.support.AbstractAutowireCapableBeanFactory.createBean(AbstractAutowireCapableBeanFactory.java:386)
	at org.springframework.beans.factory.support.AbstractBeanFactory$1.getObject(AbstractBeanFactory.java:249)
	at org.springframework.beans.factory.support.DefaultSingletonBeanRegistry.getSingleton(DefaultSingletonBeanRegistry.java:155)
	at org.springframework.beans.factory.support.AbstractBeanFactory.getBean(AbstractBeanFactory.java:246)
	at org.springframework.beans.factory.support.AbstractBeanFactory.getBean(AbstractBeanFactory.java:160)
	at org.springframework.beans.factory.support.BeanDefinitionValueResolver.resolveReference(BeanDefinitionValueResolver.java:267)
	at org.springframework.beans.factory.support.BeanDefinitionValueResolver.resolveValueIfNecessary(BeanDefinitionValueResolver.java:110)
	at org.springframework.beans.factory.support.AbstractAutowireCapableBeanFactory.applyPropertyValues(AbstractAutowireCapableBeanFactory.java:1100)
	at org.springframework.beans.factory.support.AbstractAutowireCapableBeanFactory.populateBean(AbstractAutowireCapableBeanFactory.java:862)
	at org.springframework.beans.factory.support.AbstractAutowireCapableBeanFactory.createBean(AbstractAutowireCapableBeanFactory.java:423)
	at org.springframework.beans.factory.support.AbstractBeanFactory$1.getObject(AbstractBeanFactory.java:249)
	at org.springframework.beans.factory.support.DefaultSingletonBeanRegistry.getSingleton(DefaultSingletonBeanRegistry.java:155)
	at org.springframework.beans.factory.support.AbstractBeanFactory.getBean(AbstractBeanFactory.java:246)
	at org.springframework.beans.factory.support.AbstractBeanFactory.getBean(AbstractBeanFactory.java:160)
	at org.springframework.beans.factory.support.BeanDefinitionValueResolver.resolveReference(BeanDefinitionValueResolver.java:267)
	at org.springframework.beans.factory.support.BeanDefinitionValueResolver.resolveValueIfNecessary(BeanDefinitionValueResolver.java:110)
	at org.springframework.beans.factory.support.AbstractAutowireCapableBeanFactory.applyPropertyValues(AbstractAutowireCapableBeanFactory.java:1100)
	at org.springframework.beans.factory.support.AbstractAutowireCapableBeanFactory.populateBean(AbstractAutowireCapableBeanFactory.java:862)
	at org.springframework.beans.factory.support.AbstractAutowireCapableBeanFactory.createBean(AbstractAutowireCapableBeanFactory.java:423)
	at org.springframework.beans.factory.support.AbstractBeanFactory$1.getObject(AbstractBeanFactory.java:249)
	at org.springframework.beans.factory.support.DefaultSingletonBeanRegistry.getSingleton(DefaultSingletonBeanRegistry.java:155)
	at org.springframework.beans.factory.support.AbstractBeanFactory.getBean(AbstractBeanFactory.java:246)
	at org.springframework.beans.factory.support.AbstractBeanFactory.getBean(AbstractBeanFactory.java:160)
	at org.springframework.aop.framework.ProxyFactoryBean.freshTargetSource(ProxyFactoryBean.java:546)
	at org.springframework.aop.framework.ProxyFactoryBean.getSingletonInstance(ProxyFactoryBean.java:291)
	at org.springframework.aop.framework.ProxyFactoryBean.getObject(ProxyFactoryBean.java:228)
	at org.springframework.beans.factory.support.AbstractBeanFactory.getObjectFromFactoryBean(AbstractBeanFactory.java:1246)
	at org.springframework.beans.factory.support.AbstractBeanFactory.getObjectForBeanInstance(AbstractBeanFactory.java:1217)
	at org.springframework.beans.factory.support.AbstractBeanFactory.getBean(AbstractBeanFactory.java:260)
	at org.springframework.beans.factory.support.AbstractBeanFactory.getBean(AbstractBeanFactory.java:160)
	at org.springframework.beans.factory.support.BeanDefinitionValueResolver.resolveReference(BeanDefinitionValueResolver.java:267)
	at org.springframework.beans.factory.support.BeanDefinitionValueResolver.resolveValueIfNecessary(BeanDefinitionValueResolver.java:110)
	at org.springframework.beans.factory.support.AbstractAutowireCapableBeanFactory.applyPropertyValues(AbstractAutowireCapableBeanFactory.java:1100)
	at org.springframework.beans.factory.support.AbstractAutowireCapableBeanFactory.populateBean(AbstractAutowireCapableBeanFactory.java:862)
	at org.springframework.beans.factory.support.AbstractAutowireCapableBeanFactory.createBean(AbstractAutowireCapableBeanFactory.java:423)
	at org.springframework.beans.factory.support.AbstractBeanFactory$1.getObject(AbstractBeanFactory.java:249)
	at org.springframework.beans.factory.support.DefaultSingletonBeanRegistry.getSingleton(DefaultSingletonBeanRegistry.java:155)
	at org.springframework.beans.factory.support.AbstractBeanFactory.getBean(AbstractBeanFactory.java:246)
	at org.springframework.beans.factory.support.AbstractBeanFactory.getBean(AbstractBeanFactory.java:160)
	at org.springframework.beans.factory.support.BeanDefinitionValueResolver.resolveReference(BeanDefinitionValueResolver.java:267)
	at org.springframework.beans.factory.support.BeanDefinitionValueResolver.resolveValueIfNecessary(BeanDefinitionValueResolver.java:110)
	at org.springframework.beans.factory.support.AbstractAutowireCapableBeanFactory.applyPropertyValues(AbstractAutowireCapableBeanFactory.java:1100)
	at org.springframework.beans.factory.support.AbstractAutowireCapableBeanFactory.populateBean(AbstractAutowireCapableBeanFactory.java:862)
	at org.springframework.beans.factory.support.AbstractAutowireCapableBeanFactory.createBean(AbstractAutowireCapableBeanFactory.java:423)
	at org.springframework.beans.factory.support.AbstractBeanFactory$1.getObject(AbstractBeanFactory.java:249)
	at org.springframework.beans.factory.support.DefaultSingletonBeanRegistry.getSingleton(DefaultSingletonBeanRegistry.java:155)
	at org.springframework.beans.factory.support.AbstractBeanFactory.getBean(AbstractBeanFactory.java:246)
	at org.springframework.beans.factory.support.AbstractBeanFactory.getBean(AbstractBeanFactory.java:160)
	at org.springframework.beans.factory.support.BeanDefinitionValueResolver.resolveReference(BeanDefinitionValueResolver.java:267)
	at org.springframework.beans.factory.support.BeanDefinitionValueResolver.resolveValueIfNecessary(BeanDefinitionValueResolver.java:110)
	at org.springframework.beans.factory.support.AbstractAutowireCapableBeanFactory.applyPropertyValues(AbstractAutowireCapableBeanFactory.java:1100)
	at org.springframework.beans.factory.support.AbstractAutowireCapableBeanFactory.populateBean(AbstractAutowireCapableBeanFactory.java:862)
	at org.springframework.beans.factory.support.AbstractAutowireCapableBeanFactory.createBean(AbstractAutowireCapableBeanFactory.java:423)
	at org.springframework.beans.factory.support.AbstractBeanFactory$1.getObject(AbstractBeanFactory.java:249)
	at org.springframework.beans.factory.support.DefaultSingletonBeanRegistry.getSingleton(DefaultSingletonBeanRegistry.java:155)
	at org.springframework.beans.factory.support.AbstractBeanFactory.getBean(AbstractBeanFactory.java:246)
	at org.springframework.beans.factory.support.AbstractBeanFactory.getBean(AbstractBeanFactory.java:160)
	at org.springframework.beans.factory.support.BeanDefinitionValueResolver.resolveReference(BeanDefinitionValueResolver.java:267)
	at org.springframework.beans.factory.support.BeanDefinitionValueResolver.resolveValueIfNecessary(BeanDefinitionValueResolver.java:110)
	at org.springframework.beans.factory.support.AbstractAutowireCapableBeanFactory.applyPropertyValues(AbstractAutowireCapableBeanFactory.java:1100)
	at org.springframework.beans.factory.support.AbstractAutowireCapableBeanFactory.populateBean(AbstractAutowireCapableBeanFactory.java:862)
	at org.springframework.beans.factory.support.AbstractAutowireCapableBeanFactory.createBean(AbstractAutowireCapableBeanFactory.java:423)
	at org.springframework.beans.factory.support.AbstractBeanFactory$1.getObject(AbstractBeanFactory.java:249)
	at org.springframework.beans.factory.support.DefaultSingletonBeanRegistry.getSingleton(DefaultSingletonBeanRegistry.java:155)
	at org.springframework.beans.factory.support.AbstractBeanFactory.getBean(AbstractBeanFactory.java:246)
	at org.springframework.beans.factory.support.AbstractBeanFactory.getBean(AbstractBeanFactory.java:160)
	at org.springframework.beans.factory.support.DefaultListableBeanFactory.getBeansOfType(DefaultListableBeanFactory.java:248)
	at org.springframework.context.support.AbstractApplicationContext.getBeansOfType(AbstractApplicationContext.java:820)
	at org.springframework.context.support.AbstractApplicationContext.registerListeners(AbstractApplicationContext.java:597)
	at org.springframework.context.support.AbstractApplicationContext.refresh(AbstractApplicationContext.java:349)
	at org.springframework.web.context.ContextLoader.createWebApplicationContext(ContextLoader.java:246)
	at org.springframework.web.context.ContextLoader.initWebApplicationContext(ContextLoader.java:189)
	at org.springframework.web.context.ContextLoaderListener.contextInitialized(ContextLoaderListener.java:49)
	at org.alfresco.web.app.ContextLoaderListener.contextInitialized(ContextLoaderListener.java:69)
	at org.mortbay.jetty.handler.ContextHandler.startContext(ContextHandler.java:548)
	at org.mortbay.jetty.servlet.Context.startContext(Context.java:136)
	at org.mortbay.jetty.webapp.WebAppContext.startContext(WebAppContext.java:1250)
	at org.mortbay.jetty.handler.ContextHandler.doStart(ContextHandler.java:517)
	at org.mortbay.jetty.webapp.WebAppContext.doStart(WebAppContext.java:467)
	at org.mortbay.jetty.plugin.Jetty6PluginWebAppContext.doStart(Jetty6PluginWebAppContext.java:115)
	at org.mortbay.component.AbstractLifeCycle.start(AbstractLifeCycle.java:50)
	at org.mortbay.jetty.plugin.Jetty6RunWarExploded.restartWebApp(Jetty6RunWarExploded.java:146)
	at org.mortbay.jetty.plugin.Jetty6RunWarExploded$1.filesChanged(Jetty6RunWarExploded.java:100)
	at org.mortbay.util.Scanner.reportBulkChanges(Scanner.java:486)
	at org.mortbay.util.Scanner.reportDifferences(Scanner.java:352)
	at org.mortbay.util.Scanner.scan(Scanner.java:280)
	at org.mortbay.util.Scanner$1.run(Scanner.java:232)
	at java.util.TimerThread.mainLoop(Timer.java:512)
	at java.util.TimerThread.run(Timer.java:462)
Caused by: java.lang.IllegalStateException: Shutdown in progress
	at java.lang.ApplicationShutdownHooks.add(ApplicationShutdownHooks.java:39)
	at java.lang.Runtime.addShutdownHook(Runtime.java:192)
	at org.alfresco.util.VmShutdownListener.<init>(VmShutdownListener.java:68)
	at org.alfresco.repo.transaction.TransactionServiceImpl.<clinit>(TransactionServiceImpl.java:45)
	... 97 more
